This is pdfTeX, Version 3.1415926-2.4-1.40.13 (TeX Live 2012/Debian) (format=pdflatex 2014.7.3)  3 JUL 2014 11:05
entering extended mode
 restricted \write18 enabled.
 %&-line parsing enabled.
**00_abstract.tex
(./00_abstract.tex
LaTeX2e <2011/06/27>
Babel <v3.8m> and hyphenation patterns for english, dumylang, nohyphenation, lo
aded.

! LaTeX Error: Missing \begin{document}.

See the LaTeX manual or LaTeX Companion for explanation.
Type  H <return>  for immediate help.
 ...                                              
                                                  
l.3 \begin{center}
                  
? 
! Interruption.
\GenericError  ...                                
                                                  \endgroup 
l.3 \begin{center}
                  
? 

Overfull \hbox (20.0pt too wide) in paragraph at lines 3--3
[] 
 []

! Undefined control sequence.
l.4 \paragraph
              {Kurzfassung}
? 
Missing character: There is no K in font nullfont!
Missing character: There is no u in font nullfont!
Missing character: There is no r in font nullfont!
Missing character: There is no z in font nullfont!
Missing character: There is no f in font nullfont!
Missing character: There is no a in font nullfont!
Missing character: There is no s in font nullfont!
Missing character: There is no s in font nullfont!
Missing character: There is no u in font nullfont!
Missing character: There is no n in font nullfont!
Missing character: There is no g in font nullfont!

Overfull \hbox (20.0pt too wide) in paragraph at lines 9--9
[] 
 []

! Undefined control sequence.
l.10 \paragraph
               {Abstract}
? 
Missing character: There is no A in font nullfont!
Missing character: There is no b in font nullfont!
Missing character: There is no s in font nullfont!
Missing character: There is no t in font nullfont!
Missing character: There is no r in font nullfont!
Missing character: There is no a in font nullfont!
Missing character: There is no c in font nullfont!
Missing character: There is no t in font nullfont!
! Interruption.
l.3395574 
          
? 
! Interruption.
l.4978298 
          
? 
! Interruption.
l.18353256 
           
? 
! Interruption.
l.19682664 
           
? 
! Interruption.
l.22733490 
           
? 
! Interruption.
l.179633049 
            
? 
! Interruption.
l.180747285 
            
? H
You rang?
Try to insert some instructions for me (e.g.,`I\showlists'),
unless you just want to quit by typing `X'.

? X
 
Here is how much of TeX's memory you used:
 5 strings out of 495059
 149 string characters out of 3182031
 45057 words of memory out of 3000000
 3288 multiletter control sequences out of 15000+200000
 3640 words of font info for 14 fonts, out of 3000000 for 9000
 14 hyphenation exceptions out of 8191
 9i,1n,4p,42b,59s stack positions out of 5000i,500n,10000p,200000b,50000s
No pages of output.
PDF statistics:
 0 PDF objects out of 1000 (max. 8388607)
 0 named destinations out of 1000 (max. 500000)
 1 words of extra memory for PDF output out of 10000 (max. 10000000)

